2025-11-13 23:01:34 [ERROR]: uncaughtException: require is not defined in ES module scope, you can use import instead
This file is being treated as an ES module because it has a '.js' file extension and 'C:\Users\HP\Documents\project\server\package.json' contains "type": "module". To treat it as a CommonJS script, rename it to use the '.cjs' file extension.
ReferenceError: require is not defined in ES module scope, you can use import instead
This file is being treated as an ES module because it has a '.js' file extension and 'C:\Users\HP\Documents\project\server\package.json' contains "type": "module". To treat it as a CommonJS script, rename it to use the '.cjs' file extension.
    at file:///C:/Users/HP/Documents/project/server/src/app.js:84:23
    at ModuleJob.run (node:internal/modules/esm/module_job:345:25)
    at async onImport.tracePromise.__proto__ (node:internal/modules/esm/loader:665:26)
    at async asyncRunEntryPointWithESMLoader (node:internal/modules/run_main:117:5)
ReferenceError: require is not defined in ES module scope, you can use import instead
This file is being treated as an ES module because it has a '.js' file extension and 'C:\Users\HP\Documents\project\server\package.json' contains "type": "module". To treat it as a CommonJS script, rename it to use the '.cjs' file extension.
    at file:///C:/Users/HP/Documents/project/server/src/app.js:84:23
    at ModuleJob.run (node:internal/modules/esm/module_job:345:25)
    at async onImport.tracePromise.__proto__ (node:internal/modules/esm/loader:665:26)
    at async asyncRunEntryPointWithESMLoader (node:internal/modules/run_main:117:5)
2025-11-13 23:01:53 [ERROR]: uncaughtException: require is not defined in ES module scope, you can use import instead
This file is being treated as an ES module because it has a '.js' file extension and 'C:\Users\HP\Documents\project\server\package.json' contains "type": "module". To treat it as a CommonJS script, rename it to use the '.cjs' file extension.
ReferenceError: require is not defined in ES module scope, you can use import instead
This file is being treated as an ES module because it has a '.js' file extension and 'C:\Users\HP\Documents\project\server\package.json' contains "type": "module". To treat it as a CommonJS script, rename it to use the '.cjs' file extension.
    at file:///C:/Users/HP/Documents/project/server/src/app.js:84:23
    at ModuleJob.run (node:internal/modules/esm/module_job:345:25)
    at async onImport.tracePromise.__proto__ (node:internal/modules/esm/loader:665:26)
    at async asyncRunEntryPointWithESMLoader (node:internal/modules/run_main:117:5)
ReferenceError: require is not defined in ES module scope, you can use import instead
This file is being treated as an ES module because it has a '.js' file extension and 'C:\Users\HP\Documents\project\server\package.json' contains "type": "module". To treat it as a CommonJS script, rename it to use the '.cjs' file extension.
    at file:///C:/Users/HP/Documents/project/server/src/app.js:84:23
    at ModuleJob.run (node:internal/modules/esm/module_job:345:25)
    at async onImport.tracePromise.__proto__ (node:internal/modules/esm/loader:665:26)
    at async asyncRunEntryPointWithESMLoader (node:internal/modules/run_main:117:5)
2025-11-13 23:02:13 [ERROR]: uncaughtException: require is not defined in ES module scope, you can use import instead
This file is being treated as an ES module because it has a '.js' file extension and 'C:\Users\HP\Documents\project\server\package.json' contains "type": "module". To treat it as a CommonJS script, rename it to use the '.cjs' file extension.
ReferenceError: require is not defined in ES module scope, you can use import instead
This file is being treated as an ES module because it has a '.js' file extension and 'C:\Users\HP\Documents\project\server\package.json' contains "type": "module". To treat it as a CommonJS script, rename it to use the '.cjs' file extension.
    at file:///C:/Users/HP/Documents/project/server/src/app.js:84:23
    at ModuleJob.run (node:internal/modules/esm/module_job:345:25)
    at async onImport.tracePromise.__proto__ (node:internal/modules/esm/loader:665:26)
    at async asyncRunEntryPointWithESMLoader (node:internal/modules/run_main:117:5)
ReferenceError: require is not defined in ES module scope, you can use import instead
This file is being treated as an ES module because it has a '.js' file extension and 'C:\Users\HP\Documents\project\server\package.json' contains "type": "module". To treat it as a CommonJS script, rename it to use the '.cjs' file extension.
    at file:///C:/Users/HP/Documents/project/server/src/app.js:84:23
    at ModuleJob.run (node:internal/modules/esm/module_job:345:25)
    at async onImport.tracePromise.__proto__ (node:internal/modules/esm/loader:665:26)
    at async asyncRunEntryPointWithESMLoader (node:internal/modules/run_main:117:5)
2025-11-13 23:02:21 [ERROR]: uncaughtException: require is not defined in ES module scope, you can use import instead
This file is being treated as an ES module because it has a '.js' file extension and 'C:\Users\HP\Documents\project\server\package.json' contains "type": "module". To treat it as a CommonJS script, rename it to use the '.cjs' file extension.
ReferenceError: require is not defined in ES module scope, you can use import instead
This file is being treated as an ES module because it has a '.js' file extension and 'C:\Users\HP\Documents\project\server\package.json' contains "type": "module". To treat it as a CommonJS script, rename it to use the '.cjs' file extension.
    at file:///C:/Users/HP/Documents/project/server/src/app.js:84:23
    at ModuleJob.run (node:internal/modules/esm/module_job:345:25)
    at async onImport.tracePromise.__proto__ (node:internal/modules/esm/loader:665:26)
    at async asyncRunEntryPointWithESMLoader (node:internal/modules/run_main:117:5)
ReferenceError: require is not defined in ES module scope, you can use import instead
This file is being treated as an ES module because it has a '.js' file extension and 'C:\Users\HP\Documents\project\server\package.json' contains "type": "module". To treat it as a CommonJS script, rename it to use the '.cjs' file extension.
    at file:///C:/Users/HP/Documents/project/server/src/app.js:84:23
    at ModuleJob.run (node:internal/modules/esm/module_job:345:25)
    at async onImport.tracePromise.__proto__ (node:internal/modules/esm/loader:665:26)
    at async asyncRunEntryPointWithESMLoader (node:internal/modules/run_main:117:5)
2025-11-13 23:02:41 [ERROR]: uncaughtException: require is not defined in ES module scope, you can use import instead
This file is being treated as an ES module because it has a '.js' file extension and 'C:\Users\HP\Documents\project\server\package.json' contains "type": "module". To treat it as a CommonJS script, rename it to use the '.cjs' file extension.
ReferenceError: require is not defined in ES module scope, you can use import instead
This file is being treated as an ES module because it has a '.js' file extension and 'C:\Users\HP\Documents\project\server\package.json' contains "type": "module". To treat it as a CommonJS script, rename it to use the '.cjs' file extension.
    at file:///C:/Users/HP/Documents/project/server/src/app.js:84:23
    at ModuleJob.run (node:internal/modules/esm/module_job:345:25)
    at async onImport.tracePromise.__proto__ (node:internal/modules/esm/loader:665:26)
    at async asyncRunEntryPointWithESMLoader (node:internal/modules/run_main:117:5)
ReferenceError: require is not defined in ES module scope, you can use import instead
This file is being treated as an ES module because it has a '.js' file extension and 'C:\Users\HP\Documents\project\server\package.json' contains "type": "module". To treat it as a CommonJS script, rename it to use the '.cjs' file extension.
    at file:///C:/Users/HP/Documents/project/server/src/app.js:84:23
    at ModuleJob.run (node:internal/modules/esm/module_job:345:25)
    at async onImport.tracePromise.__proto__ (node:internal/modules/esm/loader:665:26)
    at async asyncRunEntryPointWithESMLoader (node:internal/modules/run_main:117:5)
2025-11-13 23:02:47 [ERROR]: uncaughtException: require is not defined in ES module scope, you can use import instead
This file is being treated as an ES module because it has a '.js' file extension and 'C:\Users\HP\Documents\project\server\package.json' contains "type": "module". To treat it as a CommonJS script, rename it to use the '.cjs' file extension.
ReferenceError: require is not defined in ES module scope, you can use import instead
This file is being treated as an ES module because it has a '.js' file extension and 'C:\Users\HP\Documents\project\server\package.json' contains "type": "module". To treat it as a CommonJS script, rename it to use the '.cjs' file extension.
    at file:///C:/Users/HP/Documents/project/server/src/app.js:84:23
    at ModuleJob.run (node:internal/modules/esm/module_job:345:25)
    at async onImport.tracePromise.__proto__ (node:internal/modules/esm/loader:665:26)
    at async asyncRunEntryPointWithESMLoader (node:internal/modules/run_main:117:5)
ReferenceError: require is not defined in ES module scope, you can use import instead
This file is being treated as an ES module because it has a '.js' file extension and 'C:\Users\HP\Documents\project\server\package.json' contains "type": "module". To treat it as a CommonJS script, rename it to use the '.cjs' file extension.
    at file:///C:/Users/HP/Documents/project/server/src/app.js:84:23
    at ModuleJob.run (node:internal/modules/esm/module_job:345:25)
    at async onImport.tracePromise.__proto__ (node:internal/modules/esm/loader:665:26)
    at async asyncRunEntryPointWithESMLoader (node:internal/modules/run_main:117:5)
2025-11-13 23:02:53 [ERROR]: uncaughtException: require is not defined in ES module scope, you can use import instead
This file is being treated as an ES module because it has a '.js' file extension and 'C:\Users\HP\Documents\project\server\package.json' contains "type": "module". To treat it as a CommonJS script, rename it to use the '.cjs' file extension.
ReferenceError: require is not defined in ES module scope, you can use import instead
This file is being treated as an ES module because it has a '.js' file extension and 'C:\Users\HP\Documents\project\server\package.json' contains "type": "module". To treat it as a CommonJS script, rename it to use the '.cjs' file extension.
    at file:///C:/Users/HP/Documents/project/server/src/app.js:84:23
    at ModuleJob.run (node:internal/modules/esm/module_job:345:25)
    at async onImport.tracePromise.__proto__ (node:internal/modules/esm/loader:665:26)
    at async asyncRunEntryPointWithESMLoader (node:internal/modules/run_main:117:5)
ReferenceError: require is not defined in ES module scope, you can use import instead
This file is being treated as an ES module because it has a '.js' file extension and 'C:\Users\HP\Documents\project\server\package.json' contains "type": "module". To treat it as a CommonJS script, rename it to use the '.cjs' file extension.
    at file:///C:/Users/HP/Documents/project/server/src/app.js:84:23
    at ModuleJob.run (node:internal/modules/esm/module_job:345:25)
    at async onImport.tracePromise.__proto__ (node:internal/modules/esm/loader:665:26)
    at async asyncRunEntryPointWithESMLoader (node:internal/modules/run_main:117:5)
2025-11-13 23:02:55 [ERROR]: uncaughtException: require is not defined in ES module scope, you can use import instead
This file is being treated as an ES module because it has a '.js' file extension and 'C:\Users\HP\Documents\project\server\package.json' contains "type": "module". To treat it as a CommonJS script, rename it to use the '.cjs' file extension.
ReferenceError: require is not defined in ES module scope, you can use import instead
This file is being treated as an ES module because it has a '.js' file extension and 'C:\Users\HP\Documents\project\server\package.json' contains "type": "module". To treat it as a CommonJS script, rename it to use the '.cjs' file extension.
    at file:///C:/Users/HP/Documents/project/server/src/app.js:84:23
    at ModuleJob.run (node:internal/modules/esm/module_job:345:25)
    at async onImport.tracePromise.__proto__ (node:internal/modules/esm/loader:665:26)
    at async asyncRunEntryPointWithESMLoader (node:internal/modules/run_main:117:5)
ReferenceError: require is not defined in ES module scope, you can use import instead
This file is being treated as an ES module because it has a '.js' file extension and 'C:\Users\HP\Documents\project\server\package.json' contains "type": "module". To treat it as a CommonJS script, rename it to use the '.cjs' file extension.
    at file:///C:/Users/HP/Documents/project/server/src/app.js:84:23
    at ModuleJob.run (node:internal/modules/esm/module_job:345:25)
    at async onImport.tracePromise.__proto__ (node:internal/modules/esm/loader:665:26)
    at async asyncRunEntryPointWithESMLoader (node:internal/modules/run_main:117:5)
2025-11-13 23:14:05 [ERROR]: uncaughtException: require is not defined in ES module scope, you can use import instead
This file is being treated as an ES module because it has a '.js' file extension and 'C:\Users\HP\Documents\project\server\package.json' contains "type": "module". To treat it as a CommonJS script, rename it to use the '.cjs' file extension.
ReferenceError: require is not defined in ES module scope, you can use import instead
This file is being treated as an ES module because it has a '.js' file extension and 'C:\Users\HP\Documents\project\server\package.json' contains "type": "module". To treat it as a CommonJS script, rename it to use the '.cjs' file extension.
    at file:///C:/Users/HP/Documents/project/server/src/app.js:84:23
    at ModuleJob.run (node:internal/modules/esm/module_job:345:25)
    at async onImport.tracePromise.__proto__ (node:internal/modules/esm/loader:665:26)
    at async asyncRunEntryPointWithESMLoader (node:internal/modules/run_main:117:5)
ReferenceError: require is not defined in ES module scope, you can use import instead
This file is being treated as an ES module because it has a '.js' file extension and 'C:\Users\HP\Documents\project\server\package.json' contains "type": "module". To treat it as a CommonJS script, rename it to use the '.cjs' file extension.
    at file:///C:/Users/HP/Documents/project/server/src/app.js:84:23
    at ModuleJob.run (node:internal/modules/esm/module_job:345:25)
    at async onImport.tracePromise.__proto__ (node:internal/modules/esm/loader:665:26)
    at async asyncRunEntryPointWithESMLoader (node:internal/modules/run_main:117:5)
2025-11-13 23:20:46 [ERROR]: uncaughtException: require is not defined in ES module scope, you can use import instead
This file is being treated as an ES module because it has a '.js' file extension and 'C:\Users\HP\Documents\project\server\package.json' contains "type": "module". To treat it as a CommonJS script, rename it to use the '.cjs' file extension.
ReferenceError: require is not defined in ES module scope, you can use import instead
This file is being treated as an ES module because it has a '.js' file extension and 'C:\Users\HP\Documents\project\server\package.json' contains "type": "module". To treat it as a CommonJS script, rename it to use the '.cjs' file extension.
    at file:///C:/Users/HP/Documents/project/server/src/app.js:84:23
    at ModuleJob.run (node:internal/modules/esm/module_job:345:25)
    at async onImport.tracePromise.__proto__ (node:internal/modules/esm/loader:665:26)
    at async asyncRunEntryPointWithESMLoader (node:internal/modules/run_main:117:5)
ReferenceError: require is not defined in ES module scope, you can use import instead
This file is being treated as an ES module because it has a '.js' file extension and 'C:\Users\HP\Documents\project\server\package.json' contains "type": "module". To treat it as a CommonJS script, rename it to use the '.cjs' file extension.
    at file:///C:/Users/HP/Documents/project/server/src/app.js:84:23
    at ModuleJob.run (node:internal/modules/esm/module_job:345:25)
    at async onImport.tracePromise.__proto__ (node:internal/modules/esm/loader:665:26)
    at async asyncRunEntryPointWithESMLoader (node:internal/modules/run_main:117:5)
2025-11-13 23:20:56 [ERROR]: uncaughtException: require is not defined in ES module scope, you can use import instead
This file is being treated as an ES module because it has a '.js' file extension and 'C:\Users\HP\Documents\project\server\package.json' contains "type": "module". To treat it as a CommonJS script, rename it to use the '.cjs' file extension.
ReferenceError: require is not defined in ES module scope, you can use import instead
This file is being treated as an ES module because it has a '.js' file extension and 'C:\Users\HP\Documents\project\server\package.json' contains "type": "module". To treat it as a CommonJS script, rename it to use the '.cjs' file extension.
    at file:///C:/Users/HP/Documents/project/server/src/app.js:84:23
    at ModuleJob.run (node:internal/modules/esm/module_job:345:25)
    at async onImport.tracePromise.__proto__ (node:internal/modules/esm/loader:665:26)
    at async asyncRunEntryPointWithESMLoader (node:internal/modules/run_main:117:5)
ReferenceError: require is not defined in ES module scope, you can use import instead
This file is being treated as an ES module because it has a '.js' file extension and 'C:\Users\HP\Documents\project\server\package.json' contains "type": "module". To treat it as a CommonJS script, rename it to use the '.cjs' file extension.
    at file:///C:/Users/HP/Documents/project/server/src/app.js:84:23
    at ModuleJob.run (node:internal/modules/esm/module_job:345:25)
    at async onImport.tracePromise.__proto__ (node:internal/modules/esm/loader:665:26)
    at async asyncRunEntryPointWithESMLoader (node:internal/modules/run_main:117:5)
2025-11-13 23:42:06 [ERROR]: uncaughtException: require is not defined in ES module scope, you can use import instead
This file is being treated as an ES module because it has a '.js' file extension and 'C:\Users\HP\Documents\project\server\package.json' contains "type": "module". To treat it as a CommonJS script, rename it to use the '.cjs' file extension.
ReferenceError: require is not defined in ES module scope, you can use import instead
This file is being treated as an ES module because it has a '.js' file extension and 'C:\Users\HP\Documents\project\server\package.json' contains "type": "module". To treat it as a CommonJS script, rename it to use the '.cjs' file extension.
    at file:///C:/Users/HP/Documents/project/server/src/app.js:84:23
    at ModuleJob.run (node:internal/modules/esm/module_job:345:25)
    at async onImport.tracePromise.__proto__ (node:internal/modules/esm/loader:665:26)
    at async asyncRunEntryPointWithESMLoader (node:internal/modules/run_main:117:5)
ReferenceError: require is not defined in ES module scope, you can use import instead
This file is being treated as an ES module because it has a '.js' file extension and 'C:\Users\HP\Documents\project\server\package.json' contains "type": "module". To treat it as a CommonJS script, rename it to use the '.cjs' file extension.
    at file:///C:/Users/HP/Documents/project/server/src/app.js:84:23
    at ModuleJob.run (node:internal/modules/esm/module_job:345:25)
    at async onImport.tracePromise.__proto__ (node:internal/modules/esm/loader:665:26)
    at async asyncRunEntryPointWithESMLoader (node:internal/modules/run_main:117:5)
2025-11-13 23:43:43 [ERROR]: uncaughtException: require is not defined in ES module scope, you can use import instead
This file is being treated as an ES module because it has a '.js' file extension and 'C:\Users\HP\Documents\project\server\package.json' contains "type": "module". To treat it as a CommonJS script, rename it to use the '.cjs' file extension.
ReferenceError: require is not defined in ES module scope, you can use import instead
This file is being treated as an ES module because it has a '.js' file extension and 'C:\Users\HP\Documents\project\server\package.json' contains "type": "module". To treat it as a CommonJS script, rename it to use the '.cjs' file extension.
    at file:///C:/Users/HP/Documents/project/server/src/app.js:85:23
    at ModuleJob.run (node:internal/modules/esm/module_job:345:25)
    at async onImport.tracePromise.__proto__ (node:internal/modules/esm/loader:665:26)
    at async asyncRunEntryPointWithESMLoader (node:internal/modules/run_main:117:5)
ReferenceError: require is not defined in ES module scope, you can use import instead
This file is being treated as an ES module because it has a '.js' file extension and 'C:\Users\HP\Documents\project\server\package.json' contains "type": "module". To treat it as a CommonJS script, rename it to use the '.cjs' file extension.
    at file:///C:/Users/HP/Documents/project/server/src/app.js:85:23
    at ModuleJob.run (node:internal/modules/esm/module_job:345:25)
    at async onImport.tracePromise.__proto__ (node:internal/modules/esm/loader:665:26)
    at async asyncRunEntryPointWithESMLoader (node:internal/modules/run_main:117:5)
2025-11-13 23:43:56 [ERROR]: uncaughtException: require is not defined in ES module scope, you can use import instead
This file is being treated as an ES module because it has a '.js' file extension and 'C:\Users\HP\Documents\project\server\package.json' contains "type": "module". To treat it as a CommonJS script, rename it to use the '.cjs' file extension.
ReferenceError: require is not defined in ES module scope, you can use import instead
This file is being treated as an ES module because it has a '.js' file extension and 'C:\Users\HP\Documents\project\server\package.json' contains "type": "module". To treat it as a CommonJS script, rename it to use the '.cjs' file extension.
    at file:///C:/Users/HP/Documents/project/server/src/app.js:87:23
    at ModuleJob.run (node:internal/modules/esm/module_job:345:25)
    at async onImport.tracePromise.__proto__ (node:internal/modules/esm/loader:665:26)
    at async asyncRunEntryPointWithESMLoader (node:internal/modules/run_main:117:5)
ReferenceError: require is not defined in ES module scope, you can use import instead
This file is being treated as an ES module because it has a '.js' file extension and 'C:\Users\HP\Documents\project\server\package.json' contains "type": "module". To treat it as a CommonJS script, rename it to use the '.cjs' file extension.
    at file:///C:/Users/HP/Documents/project/server/src/app.js:87:23
    at ModuleJob.run (node:internal/modules/esm/module_job:345:25)
    at async onImport.tracePromise.__proto__ (node:internal/modules/esm/loader:665:26)
    at async asyncRunEntryPointWithESMLoader (node:internal/modules/run_main:117:5)
2025-11-14 21:17:16 [ERROR]: uncaughtException: Neither apiKey nor config.authenticator provided
Error: Neither apiKey nor config.authenticator provided
    at Stripe._setAuthenticator (file:///C:/Users/HP/Documents/project/server/node_modules/stripe/esm/stripe.core.js:155:23)
    at new Stripe (file:///C:/Users/HP/Documents/project/server/node_modules/stripe/esm/stripe.core.js:93:14)
    at file:///C:/Users/HP/Documents/project/server/src/controllers/orderController.js:8:16
    at ModuleJob.run (node:internal/modules/esm/module_job:345:25)
    at async onImport.tracePromise.__proto__ (node:internal/modules/esm/loader:665:26)
    at async asyncRunEntryPointWithESMLoader (node:internal/modules/run_main:117:5)
Error: Neither apiKey nor config.authenticator provided
    at Stripe._setAuthenticator (file:///C:/Users/HP/Documents/project/server/node_modules/stripe/esm/stripe.core.js:155:23)
    at new Stripe (file:///C:/Users/HP/Documents/project/server/node_modules/stripe/esm/stripe.core.js:93:14)
    at file:///C:/Users/HP/Documents/project/server/src/controllers/orderController.js:8:16
    at ModuleJob.run (node:internal/modules/esm/module_job:345:25)
    at async onImport.tracePromise.__proto__ (node:internal/modules/esm/loader:665:26)
    at async asyncRunEntryPointWithESMLoader (node:internal/modules/run_main:117:5)
2025-11-14 21:18:38 [ERROR]: uncaughtException: Neither apiKey nor config.authenticator provided
Error: Neither apiKey nor config.authenticator provided
    at Stripe._setAuthenticator (file:///C:/Users/HP/Documents/project/server/node_modules/stripe/esm/stripe.core.js:155:23)
    at new Stripe (file:///C:/Users/HP/Documents/project/server/node_modules/stripe/esm/stripe.core.js:93:14)
    at file:///C:/Users/HP/Documents/project/server/src/controllers/orderController.js:8:16
    at ModuleJob.run (node:internal/modules/esm/module_job:345:25)
    at async onImport.tracePromise.__proto__ (node:internal/modules/esm/loader:665:26)
    at async asyncRunEntryPointWithESMLoader (node:internal/modules/run_main:117:5)
Error: Neither apiKey nor config.authenticator provided
    at Stripe._setAuthenticator (file:///C:/Users/HP/Documents/project/server/node_modules/stripe/esm/stripe.core.js:155:23)
    at new Stripe (file:///C:/Users/HP/Documents/project/server/node_modules/stripe/esm/stripe.core.js:93:14)
    at file:///C:/Users/HP/Documents/project/server/src/controllers/orderController.js:8:16
    at ModuleJob.run (node:internal/modules/esm/module_job:345:25)
    at async onImport.tracePromise.__proto__ (node:internal/modules/esm/loader:665:26)
    at async asyncRunEntryPointWithESMLoader (node:internal/modules/run_main:117:5)
2025-11-14 21:31:43 [ERROR]: uncaughtException: Neither apiKey nor config.authenticator provided
Error: Neither apiKey nor config.authenticator provided
    at Stripe._setAuthenticator (file:///C:/Users/HP/Documents/project/server/node_modules/stripe/esm/stripe.core.js:155:23)
    at new Stripe (file:///C:/Users/HP/Documents/project/server/node_modules/stripe/esm/stripe.core.js:93:14)
    at file:///C:/Users/HP/Documents/project/server/src/controllers/orderController.js:8:16
    at ModuleJob.run (node:internal/modules/esm/module_job:345:25)
    at async onImport.tracePromise.__proto__ (node:internal/modules/esm/loader:665:26)
    at async asyncRunEntryPointWithESMLoader (node:internal/modules/run_main:117:5)
Error: Neither apiKey nor config.authenticator provided
    at Stripe._setAuthenticator (file:///C:/Users/HP/Documents/project/server/node_modules/stripe/esm/stripe.core.js:155:23)
    at new Stripe (file:///C:/Users/HP/Documents/project/server/node_modules/stripe/esm/stripe.core.js:93:14)
    at file:///C:/Users/HP/Documents/project/server/src/controllers/orderController.js:8:16
    at ModuleJob.run (node:internal/modules/esm/module_job:345:25)
    at async onImport.tracePromise.__proto__ (node:internal/modules/esm/loader:665:26)
    at async asyncRunEntryPointWithESMLoader (node:internal/modules/run_main:117:5)
2025-11-15 16:01:01 [ERROR]: uncaughtException: Invalid schema configuration: `Set` is not a valid type at path `uniqueVisitors`. See https://bit.ly/mongoose-schematypes for a list of valid schema types.
TypeError: Invalid schema configuration: `Set` is not a valid type at path `uniqueVisitors`. See https://bit.ly/mongoose-schematypes for a list of valid schema types.
    at Schema.interpretAsType (C:\Users\HP\Documents\project\server\node_modules\mongoose\lib\schema.js:1737:11)
    at Schema.path (C:\Users\HP\Documents\project\server\node_modules\mongoose\lib\schema.js:1286:27)
    at Schema.add (C:\Users\HP\Documents\project\server\node_modules\mongoose\lib\schema.js:844:14)
    at new Schema (C:\Users\HP\Documents\project\server\node_modules\mongoose\lib\schema.js:145:10)
    at file:///C:/Users/HP/Documents/project/server/src/models/Analytics.js:4:25
    at ModuleJob.run (node:internal/modules/esm/module_job:345:25)
    at async onImport.tracePromise.__proto__ (node:internal/modules/esm/loader:665:26)
    at async asyncRunEntryPointWithESMLoader (node:internal/modules/run_main:117:5)
TypeError: Invalid schema configuration: `Set` is not a valid type at path `uniqueVisitors`. See https://bit.ly/mongoose-schematypes for a list of valid schema types.
    at Schema.interpretAsType (C:\Users\HP\Documents\project\server\node_modules\mongoose\lib\schema.js:1737:11)
    at Schema.path (C:\Users\HP\Documents\project\server\node_modules\mongoose\lib\schema.js:1286:27)
    at Schema.add (C:\Users\HP\Documents\project\server\node_modules\mongoose\lib\schema.js:844:14)
    at new Schema (C:\Users\HP\Documents\project\server\node_modules\mongoose\lib\schema.js:145:10)
    at file:///C:/Users/HP/Documents/project/server/src/models/Analytics.js:4:25
    at ModuleJob.run (node:internal/modules/esm/module_job:345:25)
    at async onImport.tracePromise.__proto__ (node:internal/modules/esm/loader:665:26)
    at async asyncRunEntryPointWithESMLoader (node:internal/modules/run_main:117:5)
2025-11-15 16:01:20 [ERROR]: uncaughtException: Invalid schema configuration: `Set` is not a valid type at path `uniqueVisitors`. See https://bit.ly/mongoose-schematypes for a list of valid schema types.
TypeError: Invalid schema configuration: `Set` is not a valid type at path `uniqueVisitors`. See https://bit.ly/mongoose-schematypes for a list of valid schema types.
    at Schema.interpretAsType (C:\Users\HP\Documents\project\server\node_modules\mongoose\lib\schema.js:1737:11)
    at Schema.path (C:\Users\HP\Documents\project\server\node_modules\mongoose\lib\schema.js:1286:27)
    at Schema.add (C:\Users\HP\Documents\project\server\node_modules\mongoose\lib\schema.js:844:14)
    at new Schema (C:\Users\HP\Documents\project\server\node_modules\mongoose\lib\schema.js:145:10)
    at file:///C:/Users/HP/Documents/project/server/src/models/Analytics.js:4:25
    at ModuleJob.run (node:internal/modules/esm/module_job:345:25)
    at async onImport.tracePromise.__proto__ (node:internal/modules/esm/loader:665:26)
    at async asyncRunEntryPointWithESMLoader (node:internal/modules/run_main:117:5)
TypeError: Invalid schema configuration: `Set` is not a valid type at path `uniqueVisitors`. See https://bit.ly/mongoose-schematypes for a list of valid schema types.
    at Schema.interpretAsType (C:\Users\HP\Documents\project\server\node_modules\mongoose\lib\schema.js:1737:11)
    at Schema.path (C:\Users\HP\Documents\project\server\node_modules\mongoose\lib\schema.js:1286:27)
    at Schema.add (C:\Users\HP\Documents\project\server\node_modules\mongoose\lib\schema.js:844:14)
    at new Schema (C:\Users\HP\Documents\project\server\node_modules\mongoose\lib\schema.js:145:10)
    at file:///C:/Users/HP/Documents/project/server/src/models/Analytics.js:4:25
    at ModuleJob.run (node:internal/modules/esm/module_job:345:25)
    at async onImport.tracePromise.__proto__ (node:internal/modules/esm/loader:665:26)
    at async asyncRunEntryPointWithESMLoader (node:internal/modules/run_main:117:5)
2025-11-15 16:01:55 [ERROR]: uncaughtException: Invalid schema configuration: `Set` is not a valid type at path `uniqueVisitors`. See https://bit.ly/mongoose-schematypes for a list of valid schema types.
TypeError: Invalid schema configuration: `Set` is not a valid type at path `uniqueVisitors`. See https://bit.ly/mongoose-schematypes for a list of valid schema types.
    at Schema.interpretAsType (C:\Users\HP\Documents\project\server\node_modules\mongoose\lib\schema.js:1737:11)
    at Schema.path (C:\Users\HP\Documents\project\server\node_modules\mongoose\lib\schema.js:1286:27)
    at Schema.add (C:\Users\HP\Documents\project\server\node_modules\mongoose\lib\schema.js:844:14)
    at new Schema (C:\Users\HP\Documents\project\server\node_modules\mongoose\lib\schema.js:145:10)
    at file:///C:/Users/HP/Documents/project/server/src/models/Analytics.js:4:25
    at ModuleJob.run (node:internal/modules/esm/module_job:345:25)
    at async onImport.tracePromise.__proto__ (node:internal/modules/esm/loader:665:26)
    at async asyncRunEntryPointWithESMLoader (node:internal/modules/run_main:117:5)
TypeError: Invalid schema configuration: `Set` is not a valid type at path `uniqueVisitors`. See https://bit.ly/mongoose-schematypes for a list of valid schema types.
    at Schema.interpretAsType (C:\Users\HP\Documents\project\server\node_modules\mongoose\lib\schema.js:1737:11)
    at Schema.path (C:\Users\HP\Documents\project\server\node_modules\mongoose\lib\schema.js:1286:27)
    at Schema.add (C:\Users\HP\Documents\project\server\node_modules\mongoose\lib\schema.js:844:14)
    at new Schema (C:\Users\HP\Documents\project\server\node_modules\mongoose\lib\schema.js:145:10)
    at file:///C:/Users/HP/Documents/project/server/src/models/Analytics.js:4:25
    at ModuleJob.run (node:internal/modules/esm/module_job:345:25)
    at async onImport.tracePromise.__proto__ (node:internal/modules/esm/loader:665:26)
    at async asyncRunEntryPointWithESMLoader (node:internal/modules/run_main:117:5)
2025-11-15 16:06:10 [ERROR]: uncaughtException: Invalid schema configuration: `Set` is not a valid type at path `uniqueVisitors`. See https://bit.ly/mongoose-schematypes for a list of valid schema types.
TypeError: Invalid schema configuration: `Set` is not a valid type at path `uniqueVisitors`. See https://bit.ly/mongoose-schematypes for a list of valid schema types.
    at Schema.interpretAsType (C:\Users\HP\Documents\project\server\node_modules\mongoose\lib\schema.js:1737:11)
    at Schema.path (C:\Users\HP\Documents\project\server\node_modules\mongoose\lib\schema.js:1286:27)
    at Schema.add (C:\Users\HP\Documents\project\server\node_modules\mongoose\lib\schema.js:844:14)
    at new Schema (C:\Users\HP\Documents\project\server\node_modules\mongoose\lib\schema.js:145:10)
    at file:///C:/Users/HP/Documents/project/server/src/models/Analytics.js:4:25
    at ModuleJob.run (node:internal/modules/esm/module_job:345:25)
    at async onImport.tracePromise.__proto__ (node:internal/modules/esm/loader:665:26)
    at async asyncRunEntryPointWithESMLoader (node:internal/modules/run_main:117:5)
TypeError: Invalid schema configuration: `Set` is not a valid type at path `uniqueVisitors`. See https://bit.ly/mongoose-schematypes for a list of valid schema types.
    at Schema.interpretAsType (C:\Users\HP\Documents\project\server\node_modules\mongoose\lib\schema.js:1737:11)
    at Schema.path (C:\Users\HP\Documents\project\server\node_modules\mongoose\lib\schema.js:1286:27)
    at Schema.add (C:\Users\HP\Documents\project\server\node_modules\mongoose\lib\schema.js:844:14)
    at new Schema (C:\Users\HP\Documents\project\server\node_modules\mongoose\lib\schema.js:145:10)
    at file:///C:/Users/HP/Documents/project/server/src/models/Analytics.js:4:25
    at ModuleJob.run (node:internal/modules/esm/module_job:345:25)
    at async onImport.tracePromise.__proto__ (node:internal/modules/esm/loader:665:26)
    at async asyncRunEntryPointWithESMLoader (node:internal/modules/run_main:117:5)
2025-11-15 16:06:14 [ERROR]: uncaughtException: Invalid schema configuration: `Set` is not a valid type at path `uniqueVisitors`. See https://bit.ly/mongoose-schematypes for a list of valid schema types.
TypeError: Invalid schema configuration: `Set` is not a valid type at path `uniqueVisitors`. See https://bit.ly/mongoose-schematypes for a list of valid schema types.
    at Schema.interpretAsType (C:\Users\HP\Documents\project\server\node_modules\mongoose\lib\schema.js:1737:11)
    at Schema.path (C:\Users\HP\Documents\project\server\node_modules\mongoose\lib\schema.js:1286:27)
    at Schema.add (C:\Users\HP\Documents\project\server\node_modules\mongoose\lib\schema.js:844:14)
    at new Schema (C:\Users\HP\Documents\project\server\node_modules\mongoose\lib\schema.js:145:10)
    at file:///C:/Users/HP/Documents/project/server/src/models/Analytics.js:4:25
    at ModuleJob.run (node:internal/modules/esm/module_job:345:25)
    at async onImport.tracePromise.__proto__ (node:internal/modules/esm/loader:665:26)
    at async asyncRunEntryPointWithESMLoader (node:internal/modules/run_main:117:5)
TypeError: Invalid schema configuration: `Set` is not a valid type at path `uniqueVisitors`. See https://bit.ly/mongoose-schematypes for a list of valid schema types.
    at Schema.interpretAsType (C:\Users\HP\Documents\project\server\node_modules\mongoose\lib\schema.js:1737:11)
    at Schema.path (C:\Users\HP\Documents\project\server\node_modules\mongoose\lib\schema.js:1286:27)
    at Schema.add (C:\Users\HP\Documents\project\server\node_modules\mongoose\lib\schema.js:844:14)
    at new Schema (C:\Users\HP\Documents\project\server\node_modules\mongoose\lib\schema.js:145:10)
    at file:///C:/Users/HP/Documents/project/server/src/models/Analytics.js:4:25
    at ModuleJob.run (node:internal/modules/esm/module_job:345:25)
    at async onImport.tracePromise.__proto__ (node:internal/modules/esm/loader:665:26)
    at async asyncRunEntryPointWithESMLoader (node:internal/modules/run_main:117:5)
2025-11-15 16:06:25 [ERROR]: uncaughtException: Invalid schema configuration: `Set` is not a valid type at path `uniqueVisitors`. See https://bit.ly/mongoose-schematypes for a list of valid schema types.
TypeError: Invalid schema configuration: `Set` is not a valid type at path `uniqueVisitors`. See https://bit.ly/mongoose-schematypes for a list of valid schema types.
    at Schema.interpretAsType (C:\Users\HP\Documents\project\server\node_modules\mongoose\lib\schema.js:1737:11)
    at Schema.path (C:\Users\HP\Documents\project\server\node_modules\mongoose\lib\schema.js:1286:27)
    at Schema.add (C:\Users\HP\Documents\project\server\node_modules\mongoose\lib\schema.js:844:14)
    at new Schema (C:\Users\HP\Documents\project\server\node_modules\mongoose\lib\schema.js:145:10)
    at file:///C:/Users/HP/Documents/project/server/src/models/Analytics.js:4:25
    at ModuleJob.run (node:internal/modules/esm/module_job:345:25)
    at async onImport.tracePromise.__proto__ (node:internal/modules/esm/loader:665:26)
    at async asyncRunEntryPointWithESMLoader (node:internal/modules/run_main:117:5)
TypeError: Invalid schema configuration: `Set` is not a valid type at path `uniqueVisitors`. See https://bit.ly/mongoose-schematypes for a list of valid schema types.
    at Schema.interpretAsType (C:\Users\HP\Documents\project\server\node_modules\mongoose\lib\schema.js:1737:11)
    at Schema.path (C:\Users\HP\Documents\project\server\node_modules\mongoose\lib\schema.js:1286:27)
    at Schema.add (C:\Users\HP\Documents\project\server\node_modules\mongoose\lib\schema.js:844:14)
    at new Schema (C:\Users\HP\Documents\project\server\node_modules\mongoose\lib\schema.js:145:10)
    at file:///C:/Users/HP/Documents/project/server/src/models/Analytics.js:4:25
    at ModuleJob.run (node:internal/modules/esm/module_job:345:25)
    at async onImport.tracePromise.__proto__ (node:internal/modules/esm/loader:665:26)
    at async asyncRunEntryPointWithESMLoader (node:internal/modules/run_main:117:5)
2025-11-15 16:06:39 [ERROR]: uncaughtException: Invalid schema configuration: `Set` is not a valid type at path `uniqueVisitors`. See https://bit.ly/mongoose-schematypes for a list of valid schema types.
TypeError: Invalid schema configuration: `Set` is not a valid type at path `uniqueVisitors`. See https://bit.ly/mongoose-schematypes for a list of valid schema types.
    at Schema.interpretAsType (C:\Users\HP\Documents\project\server\node_modules\mongoose\lib\schema.js:1737:11)
    at Schema.path (C:\Users\HP\Documents\project\server\node_modules\mongoose\lib\schema.js:1286:27)
    at Schema.add (C:\Users\HP\Documents\project\server\node_modules\mongoose\lib\schema.js:844:14)
    at new Schema (C:\Users\HP\Documents\project\server\node_modules\mongoose\lib\schema.js:145:10)
    at file:///C:/Users/HP/Documents/project/server/src/models/Analytics.js:4:25
    at ModuleJob.run (node:internal/modules/esm/module_job:345:25)
    at async onImport.tracePromise.__proto__ (node:internal/modules/esm/loader:665:26)
    at async asyncRunEntryPointWithESMLoader (node:internal/modules/run_main:117:5)
TypeError: Invalid schema configuration: `Set` is not a valid type at path `uniqueVisitors`. See https://bit.ly/mongoose-schematypes for a list of valid schema types.
    at Schema.interpretAsType (C:\Users\HP\Documents\project\server\node_modules\mongoose\lib\schema.js:1737:11)
    at Schema.path (C:\Users\HP\Documents\project\server\node_modules\mongoose\lib\schema.js:1286:27)
    at Schema.add (C:\Users\HP\Documents\project\server\node_modules\mongoose\lib\schema.js:844:14)
    at new Schema (C:\Users\HP\Documents\project\server\node_modules\mongoose\lib\schema.js:145:10)
    at file:///C:/Users/HP/Documents/project/server/src/models/Analytics.js:4:25
    at ModuleJob.run (node:internal/modules/esm/module_job:345:25)
    at async onImport.tracePromise.__proto__ (node:internal/modules/esm/loader:665:26)
    at async asyncRunEntryPointWithESMLoader (node:internal/modules/run_main:117:5)
